# JRE version: OpenJDK Runtime Environment (17.0.6) (build 17.0.6+0-b2043.56-9586694)
# Java VM: OpenJDK 64-Bit Server VM (17.0.6+0-b2043.56-9586694, mixed mode, tiered, compressed oops, compressed class ptrs, g1 gc, windows-amd64)
GC Precious Log:
 CPUs: 12 total, 12 available
 Memory: 16232M
 Large Page Support: Disabled
 NUMA Support: Disabled
 Compressed Oops: Enabled (32-bit)
 Heap Region Size: 1M
 Heap Min Capacity: 8M
 Heap Initial Capacity: 254M
 Heap Max Capacity: 2G
 Pre-touch: Disabled
 Parallel Workers: 10
 Concurrent Workers: 3
 Concurrent Refinement Workers: 10
 Periodic GC: Disabled
Heap:
 garbage-first heap   total 140288K, used 98979K [0x0000000080000000, 0x0000000100000000)
  region size 1024K, 29 young (29696K), 1 survivors (1024K)
 Metaspace       used 72928K, committed 73536K, reserved 1114112K
  class space    used 9698K, committed 9984K, reserved 1048576K
GC Heap History (20 events):
Event: 7.639 GC heap before
{Heap before GC invocations=17 (full 0):
 garbage-first heap   total 86016K, used 66614K [0x0000000080000000, 0x0000000100000000)
  region size 1024K, 31 young (31744K), 4 survivors (4096K)
 Metaspace       used 60755K, committed 61184K, reserved 1105920K
  class space    used 8051K, committed 8256K, reserved 1048576K
}
Event: 7.645 GC heap after
{Heap after GC invocations=18 (full 0):
 garbage-first heap   total 86016K, used 44671K [0x0000000080000000, 0x0000000100000000)
  region size 1024K, 4 young (4096K), 4 survivors (4096K)
 Metaspace       used 60755K, committed 61184K, reserved 1105920K
  class space    used 8051K, committed 8256K, reserved 1048576K
}
Event: 7.765 GC heap before
{Heap before GC invocations=18 (full 0):
 garbage-first heap   total 86016K, used 49791K [0x0000000080000000, 0x0000000100000000)
  region size 1024K, 11 young (11264K), 4 survivors (4096K)
 Metaspace       used 60983K, committed 61568K, reserved 1105920K
  class space    used 8087K, committed 8384K, reserved 1048576K
}
Event: 7.769 GC heap after
{Heap after GC invocations=19 (full 0):
 garbage-first heap   total 86016K, used 45663K [0x0000000080000000, 0x0000000100000000)
  region size 1024K, 1 young (1024K), 1 survivors (1024K)
 Metaspace       used 60983K, committed 61568K, reserved 1105920K
  class space    used 8087K, committed 8384K, reserved 1048576K
}
Event: 8.219 GC heap before
{Heap before GC invocations=20 (full 0):
 garbage-first heap   total 94208K, used 79455K [0x0000000080000000, 0x0000000100000000)
  region size 1024K, 23 young (23552K), 1 survivors (1024K)
 Metaspace       used 62085K, committed 62592K, reserved 1105920K
  class space    used 8209K, committed 8448K, reserved 1048576K
}
Event: 8.221 GC heap after
{Heap after GC invocations=21 (full 0):
 garbage-first heap   total 94208K, used 64716K [0x0000000080000000, 0x0000000100000000)
  region size 1024K, 3 young (3072K), 3 survivors (3072K)
 Metaspace       used 62085K, committed 62592K, reserved 1105920K
  class space    used 8209K, committed 8448K, reserved 1048576K
}
Event: 8.232 GC heap before
{Heap before GC invocations=21 (full 0):
 garbage-first heap   total 94208K, used 64716K [0x0000000080000000, 0x0000000100000000)
  region size 1024K, 4 young (4096K), 3 survivors (3072K)
 Metaspace       used 62146K, committed 62656K, reserved 1105920K
  class space    used 8215K, committed 8448K, reserved 1048576K
}
Event: 8.235 GC heap after
{Heap after GC invocations=22 (full 0):
 garbage-first heap   total 94208K, used 65116K [0x0000000080000000, 0x0000000100000000)
  region size 1024K, 1 young (1024K), 1 survivors (1024K)
 Metaspace       used 62146K, committed 62656K, reserved 1105920K
  class space    used 8215K, committed 8448K, reserved 1048576K
}
Event: 8.403 GC heap before
{Heap before GC invocations=22 (full 0):
 garbage-first heap   total 94208K, used 77404K [0x0000000080000000, 0x0000000100000000)
  region size 1024K, 13 young (13312K), 1 survivors (1024K)
 Metaspace       used 63243K, committed 63808K, reserved 1105920K
  class space    used 8386K, committed 8640K, reserved 1048576K
}
Event: 8.405 GC heap after
{Heap after GC invocations=23 (full 0):
 garbage-first heap   total 94208K, used 65914K [0x0000000080000000, 0x0000000100000000)
  region size 1024K, 1 young (1024K), 1 survivors (1024K)
 Metaspace       used 63243K, committed 63808K, reserved 1105920K
  class space    used 8386K, committed 8640K, reserved 1048576K
}
Event: 8.558 GC heap before
{Heap before GC invocations=24 (full 0):
 garbage-first heap   total 116736K, used 78202K [0x0000000080000000, 0x0000000100000000)
  region size 1024K, 13 young (13312K), 1 survivors (1024K)
 Metaspace       used 64375K, committed 64960K, reserved 1105920K
  class space    used 8547K, committed 8832K, reserved 1048576K
}
Event: 8.560 GC heap after
{Heap after GC invocations=25 (full 0):
 garbage-first heap   total 116736K, used 66249K [0x0000000080000000, 0x0000000100000000)
  region size 1024K, 2 young (2048K), 2 survivors (2048K)
 Metaspace       used 64375K, committed 64960K, reserved 1105920K
  class space    used 8547K, committed 8832K, reserved 1048576K
}
Event: 8.608 GC heap before
{Heap before GC invocations=25 (full 0):
 garbage-first heap   total 116736K, used 69321K [0x0000000080000000, 0x0000000100000000)
  region size 1024K, 5 young (5120K), 2 survivors (2048K)
 Metaspace       used 64717K, committed 65216K, reserved 1105920K
  class space    used 8586K, committed 8832K, reserved 1048576K
}
Event: 8.611 GC heap after
{Heap after GC invocations=26 (full 0):
 garbage-first heap   total 140288K, used 66529K [0x0000000080000000, 0x0000000100000000)
  region size 1024K, 1 young (1024K), 1 survivors (1024K)
 Metaspace       used 64717K, committed 65216K, reserved 1105920K
  class space    used 8586K, committed 8832K, reserved 1048576K
}
Event: 9.398 GC heap before
{Heap before GC invocations=26 (full 0):
 garbage-first heap   total 140288K, used 100321K [0x0000000080000000, 0x0000000100000000)
  region size 1024K, 34 young (34816K), 1 survivors (1024K)
 Metaspace       used 68402K, committed 68928K, reserved 1114112K
  class space    used 9078K, committed 9344K, reserved 1048576K
}
Event: 9.401 GC heap after
{Heap after GC invocations=27 (full 0):
 garbage-first heap   total 140288K, used 67325K [0x0000000080000000, 0x0000000100000000)
  region size 1024K, 2 young (2048K), 2 survivors (2048K)
 Metaspace       used 68402K, committed 68928K, reserved 1114112K
  class space    used 9078K, committed 9344K, reserved 1048576K
}
Event: 10.165 GC heap before
{Heap before GC invocations=28 (full 0):
 garbage-first heap   total 140288K, used 109309K [0x0000000080000000, 0x0000000100000000)
  region size 1024K, 37 young (37888K), 2 survivors (2048K)
 Metaspace       used 70660K, committed 71168K, reserved 1114112K
  class space    used 9425K, committed 9664K, reserved 1048576K
}
Event: 10.168 GC heap after
{Heap after GC invocations=29 (full 0):
 garbage-first heap   total 140288K, used 71443K [0x0000000080000000, 0x0000000100000000)
  region size 1024K, 5 young (5120K), 5 survivors (5120K)
 Metaspace       used 70660K, committed 71168K, reserved 1114112K
  class space    used 9425K, committed 9664K, reserved 1048576K
}
Event: 10.209 GC heap before
{Heap before GC invocations=29 (full 0):
 garbage-first heap   total 140288K, used 71443K [0x0000000080000000, 0x0000000100000000)
  region size 1024K, 6 young (6144K), 5 survivors (5120K)
 Metaspace       used 70778K, committed 71296K, reserved 1114112K
  class space    used 9432K, committed 9664K, reserved 1048576K
}
Event: 10.212 GC heap after
{Heap after GC invocations=30 (full 0):
 garbage-first heap   total 140288K, used 71331K [0x0000000080000000, 0x0000000100000000)
  region size 1024K, 1 young (1024K), 1 survivors (1024K)
 Metaspace       used 70778K, committed 71296K, reserved 1114112K
  class space    used 9432K, committed 9664K, reserved 1048576K
}

